<?xml version="1.0" encoding="UTF-8"?>
<!-- Generated by org.testng.reporters.JUnitXMLReporter -->
<testsuite ignored="0" hostname="Avenger" failures="1" tests="9" name="runAllTest" time="101.383" errors="0" timestamp="2023-05-09T10:04:57 GMT-05:00">
  <testcase classname="TechPanda.AccountPage" name="createAccount" time="7.623">
    <failure type="java.lang.AssertionError" message="expected [Your Wishlist has been shared.] but found [Your Wishlist has not been shared.]">
      <![CDATA[java.lang.AssertionError: expected [Your Wishlist has been shared.] but found [Your Wishlist has not been shared.]
at TechPanda.AccountPage.createAccount(AccountPage.java:50)
at java.base/java.util.ArrayList.forEach(ArrayList.java:1511)
at java.base/java.util.concurrent.FutureTask.run(FutureTask.java:264)
at java.base/java.util.concurrent.ThreadPoolExecutor.runWorker(ThreadPoolExecutor.java:1130)
at java.base/java.util.concurrent.ThreadPoolExecutor$Worker.run(ThreadPoolExecutor.java:630)
at java.base/java.lang.Thread.run(Thread.java:831)
... Removed 23 stack frames]]>
    </failure>
  </testcase> <!-- createAccount -->
  <testcase classname="TechPanda.AccountPage" name="loginAccount" time="7.846"/>
  <testcase classname="TechPanda.AccountPage" name="verifyOrderPlaced" time="3.442"/>
  <testcase classname="TechPanda.BackendPage" name="backendData" time="6.441"/>
  <testcase classname="TechPanda.CartPage" name="checkquantity" time="6.855"/>
  <testcase classname="TechPanda.CartPage" name="checkquantity" time="7.023"/>
  <testcase classname="TechPanda.MobilePage" name="checkCompare" time="4.005"/>
  <testcase classname="TechPanda.MobilePage" name="checkSorted" time="3.086"/>
  <testcase classname="TechPanda.MobilePage" name="verifyPrice" time="1.214"/>
</testsuite> <!-- runAllTest -->
